This file contains any messages produced by compilers while
running configure, to aid debugging if configure makes a mistake.

It was created by lightdm configure 1.30.0, which was
generated by GNU Autoconf 2.69.  Invocation command line was

  $ ./configure 

## --------- ##
## Platform. ##
## --------- ##

hostname = dingjing-pc
uname -m = x86_64
uname -r = 4.19.79-1-MANJARO
uname -s = Linux
uname -v = #1 SMP PREEMPT Fri Oct 11 19:57:09 UTC 2019

/usr/bin/uname -p = unknown
/bin/uname -X     = unknown

/bin/arch              = unknown
/usr/bin/arch -k       = unknown
/usr/convex/getsysinfo = unknown
/usr/bin/hostinfo      = unknown
/bin/machine           = unknown
/usr/bin/oslevel       = unknown
/bin/universe          = unknown

PATH: /data/environment//python3.7.4/bin
PATH: /home/dingjing/.local/bin
PATH: /usr/local/bin
PATH: /usr/local/sbin
PATH: /usr/bin
PATH: /usr/lib/jvm/default/bin
PATH: /usr/bin/site_perl
PATH: /usr/bin/vendor_perl
PATH: /usr/bin/core_perl


## ----------- ##
## Core tests. ##
## ----------- ##

configure:2605: checking for a BSD-compatible install
configure:2673: result: /usr/bin/install -c
configure:2684: checking whether build environment is sane
configure:2739: result: yes
configure:2888: checking for a thread-safe mkdir -p
configure:2927: result: /usr/bin/mkdir -p
configure:2934: checking for gawk
configure:2950: found /usr/bin/gawk
configure:2961: result: gawk
configure:2972: checking whether make sets $(MAKE)
configure:2994: result: yes
configure:3023: checking whether make supports nested variables
configure:3040: result: yes
configure:3177: checking whether make supports nested variables
configure:3194: result: yes
configure:3209: checking whether make supports the include directive
configure:3224: make -f confmf.GNU && cat confinc.out
this is the am__doit target
configure:3227: $? = 0
configure:3246: result: yes (GNU style)
configure:3316: checking for gcc
configure:3332: found /usr/bin/gcc
configure:3343: result: gcc
configure:3572: checking for C compiler version
configure:3581: gcc --version >&5
gcc (GCC) 9.2.0
Copyright (C) 2019 Free Software Foundation, Inc.
This is free software; see the source for copying conditions.  There is NO
warranty; not even for MERCHANTABILITY or FITNESS FOR A PARTICULAR PURPOSE.

configure:3592: $? = 0
configure:3581: gcc -v >&5
Using built-in specs.
COLLECT_GCC=gcc
COLLECT_LTO_WRAPPER=/usr/lib/gcc/x86_64-pc-linux-gnu/9.2.0/lto-wrapper
Target: x86_64-pc-linux-gnu
Configured with: /build/gcc/src/gcc/configure --prefix=/usr --libdir=/usr/lib --libexecdir=/usr/lib --mandir=/usr/share/man --infodir=/usr/share/info --with-bugurl=https://bugs.archlinux.org/ --enable-languages=c,c++,ada,fortran,go,lto,objc,obj-c++ --enable-shared --enable-threads=posix --with-system-zlib --with-isl --enable-__cxa_atexit --disable-libunwind-exceptions --enable-clocale=gnu --disable-libstdcxx-pch --disable-libssp --enable-gnu-unique-object --enable-linker-build-id --enable-lto --enable-plugin --enable-install-libiberty --with-linker-hash-style=gnu --enable-gnu-indirect-function --enable-multilib --disable-werror --enable-checking=release --enable-default-pie --enable-default-ssp --enable-cet=auto
Thread model: posix
gcc version 9.2.0 (GCC) 
configure:3592: $? = 0
configure:3581: gcc -V >&5
gcc: error: unrecognized command line option '-V'
gcc: fatal error: no input files
compilation terminated.
configure:3592: $? = 1
configure:3581: gcc -qversion >&5
gcc: error: unrecognized command line option '-qversion'; did you mean '--version'?
gcc: fatal error: no input files
compilation terminated.
configure:3592: $? = 1
configure:3612: checking whether the C compiler works
configure:3634: gcc    conftest.c  >&5
configure:3638: $? = 0
configure:3686: result: yes
configure:3689: checking for C compiler default output file name
configure:3691: result: a.out
configure:3697: checking for suffix of executables
configure:3704: gcc -o conftest    conftest.c  >&5
configure:3708: $? = 0
configure:3730: result: 
configure:3752: checking whether we are cross compiling
configure:3760: gcc -o conftest    conftest.c  >&5
configure:3764: $? = 0
configure:3771: ./conftest
configure:3775: $? = 0
configure:3763: result: no
configure:3768: checking for suffix of object files
configure:3790: gcc -c   conftest.c >&5
configure:3794: $? = 0
configure:3815: result: o
configure:3819: checking whether we are using the GNU C compiler
configure:3838: gcc -c   conftest.c >&5
configure:3838: $? = 0
configure:3847: result: yes
configure:3856: checking whether gcc accepts -g
configure:3876: gcc -c -g  conftest.c >&5
configure:3876: $? = 0
configure:3917: result: yes
configure:3934: checking for gcc option to accept ISO C89
configure:3997: gcc  -c -g -O2  conftest.c >&5
configure:3997: $? = 0
configure:4010: result: none needed
configure:4035: checking whether gcc understands -c and -o together
configure:4057: gcc -c conftest.c -o conftest2.o
configure:4060: $? = 0
configure:4057: gcc -c conftest.c -o conftest2.o
configure:4060: $? = 0
configure:4072: result: yes
configure:4091: checking dependency style of gcc
configure:4202: result: gcc3
configure:4217: checking for gcc option to accept ISO C99
configure:4366: gcc  -c -g -O2  conftest.c >&5
configure:4366: $? = 0
configure:4379: result: none needed
configure:4423: checking build system type
configure:4437: result: x86_64-pc-linux-gnu
configure:4457: checking host system type
configure:4470: result: x86_64-pc-linux-gnu
configure:4511: checking how to print strings
configure:4538: result: printf
configure:4559: checking for a sed that does not truncate output
configure:4623: result: /usr/bin/sed
configure:4641: checking for grep that handles long lines and -e
configure:4699: result: /usr/bin/grep
configure:4704: checking for egrep
configure:4766: result: /usr/bin/grep -E
configure:4771: checking for fgrep
configure:4833: result: /usr/bin/grep -F
configure:4868: checking for ld used by gcc
configure:4935: result: /usr/bin/ld
configure:4942: checking if the linker (/usr/bin/ld) is GNU ld
configure:4957: result: yes
configure:4969: checking for BSD- or MS-compatible name lister (nm)
configure:5023: result: /usr/bin/nm -B
configure:5153: checking the name lister (/usr/bin/nm -B) interface
configure:5160: gcc -c -g -O2  conftest.c >&5
configure:5163: /usr/bin/nm -B "conftest.o"
configure:5166: output
0000000000000000 B some_variable
configure:5167: result: BSD nm
configure:5170: checking whether ln -s works
configure:5174: result: yes
configure:5182: checking the maximum length of command line arguments
configure:5313: result: 1572864
configure:5361: checking how to convert x86_64-pc-linux-gnu file names to x86_64-pc-linux-gnu format
configure:5401: result: func_convert_file_noop
configure:5408: checking how to convert x86_64-pc-linux-gnu file names to toolchain format
configure:5428: result: func_convert_file_noop
configure:5435: checking for /usr/bin/ld option to reload object files
configure:5442: result: -r
configure:5516: checking for objdump
configure:5532: found /usr/bin/objdump
configure:5543: result: objdump
configure:5575: checking how to recognize dependent libraries
configure:5775: result: pass_all
configure:5860: checking for dlltool
configure:5890: result: no
configure:5920: checking how to associate runtime and link libraries
configure:5947: result: printf %s\n
configure:6008: checking for ar
configure:6024: found /usr/bin/ar
configure:6035: result: ar
configure:6088: checking for archiver @FILE support
configure:6105: gcc -c -g -O2  conftest.c >&5
configure:6105: $? = 0
configure:6108: ar cr libconftest.a @conftest.lst >&5
configure:6111: $? = 0
configure:6116: ar cr libconftest.a @conftest.lst >&5
ar: conftest.o: No such file or directory
configure:6119: $? = 1
configure:6118: result: @
configure:6176: checking for strip
configure:6192: found /usr/bin/strip
configure:6203: result: strip
configure:6275: checking for ranlib
configure:6291: found /usr/bin/ranlib
configure:6302: result: ranlib
configure:6404: checking command to parse /usr/bin/nm -B output from gcc object
configure:6557: gcc -c -g -O2  conftest.c >&5
configure:6560: $? = 0
configure:6564: /usr/bin/nm -B conftest.o \| sed -n -e 's/^.*[ ]\([ABCDGIRSTW][ABCDGIRSTW]*\)[ ][ ]*\([_A-Za-z][_A-Za-z0-9]*\)$/\1 \2 \2/p' | sed '/ __gnu_lto/d' \> conftest.nm
configure:6567: $? = 0
configure:6633: gcc -o conftest -g -O2   conftest.c conftstm.o >&5
configure:6636: $? = 0
configure:6674: result: ok
configure:6721: checking for sysroot
configure:6751: result: no
configure:6758: checking for a working dd
configure:6796: result: /usr/bin/dd
configure:6800: checking how to truncate binary pipes
configure:6815: result: /usr/bin/dd bs=4096 count=1
configure:6951: gcc -c -g -O2  conftest.c >&5
configure:6954: $? = 0
configure:7144: checking for mt
configure:7174: result: no
configure:7194: checking if : is a manifest tool
configure:7200: : '-?'
configure:7208: result: no
configure:7885: checking how to run the C preprocessor
configure:7916: gcc -E  conftest.c
configure:7916: $? = 0
configure:7930: gcc -E  conftest.c
conftest.c:11:10: fatal error: ac_nonexistent.h: No such file or directory
   11 | #include <ac_nonexistent.h>
      |          ^~~~~~~~~~~~~~~~~~
compilation terminated.
configure:7930: $? = 1
configure: failed program was:
| /* confdefs.h */
| #define PACKAGE_NAME "lightdm"
| #define PACKAGE_TARNAME "lightdm"
| #define PACKAGE_VERSION "1.30.0"
| #define PACKAGE_STRING "lightdm 1.30.0"
| #define PACKAGE_BUGREPORT ""
| #define PACKAGE_URL ""
| #define PACKAGE "lightdm"
| #define VERSION "1.30.0"
| /* end confdefs.h.  */
| #include <ac_nonexistent.h>
configure:7955: result: gcc -E
configure:7975: gcc -E  conftest.c
configure:7975: $? = 0
configure:7989: gcc -E  conftest.c
conftest.c:11:10: fatal error: ac_nonexistent.h: No such file or directory
   11 | #include <ac_nonexistent.h>
      |          ^~~~~~~~~~~~~~~~~~
compilation terminated.
configure:7989: $? = 1
configure: failed program was:
| /* confdefs.h */
| #define PACKAGE_NAME "lightdm"
| #define PACKAGE_TARNAME "lightdm"
| #define PACKAGE_VERSION "1.30.0"
| #define PACKAGE_STRING "lightdm 1.30.0"
| #define PACKAGE_BUGREPORT ""
| #define PACKAGE_URL ""
| #define PACKAGE "lightdm"
| #define VERSION "1.30.0"
| /* end confdefs.h.  */
| #include <ac_nonexistent.h>
configure:8018: checking for ANSI C header files
configure:8038: gcc -c -g -O2  conftest.c >&5
configure:8038: $? = 0
configure:8111: gcc -o conftest -g -O2   conftest.c  >&5
configure:8111: $? = 0
configure:8111: ./conftest
configure:8111: $? = 0
configure:8122: result: yes
configure:8135: checking for sys/types.h
configure:8135: gcc -c -g -O2  conftest.c >&5
configure:8135: $? = 0
configure:8135: result: yes
configure:8135: checking for sys/stat.h
configure:8135: gcc -c -g -O2  conftest.c >&5
configure:8135: $? = 0
configure:8135: result: yes
configure:8135: checking for stdlib.h
configure:8135: gcc -c -g -O2  conftest.c >&5
configure:8135: $? = 0
configure:8135: result: yes
configure:8135: checking for string.h
configure:8135: gcc -c -g -O2  conftest.c >&5
configure:8135: $? = 0
configure:8135: result: yes
configure:8135: checking for memory.h
configure:8135: gcc -c -g -O2  conftest.c >&5
configure:8135: $? = 0
configure:8135: result: yes
configure:8135: checking for strings.h
configure:8135: gcc -c -g -O2  conftest.c >&5
configure:8135: $? = 0
configure:8135: result: yes
configure:8135: checking for inttypes.h
configure:8135: gcc -c -g -O2  conftest.c >&5
configure:8135: $? = 0
configure:8135: result: yes
configure:8135: checking for stdint.h
configure:8135: gcc -c -g -O2  conftest.c >&5
configure:8135: $? = 0
configure:8135: result: yes
configure:8135: checking for unistd.h
configure:8135: gcc -c -g -O2  conftest.c >&5
configure:8135: $? = 0
configure:8135: result: yes
configure:8149: checking for dlfcn.h
configure:8149: gcc -c -g -O2  conftest.c >&5
configure:8149: $? = 0
configure:8149: result: yes
configure:8405: checking for objdir
configure:8420: result: .libs
configure:8684: checking if gcc supports -fno-rtti -fno-exceptions
configure:8702: gcc -c -g -O2  -fno-rtti -fno-exceptions conftest.c >&5
cc1: warning: command line option '-fno-rtti' is valid for C++/D/ObjC++ but not for C
configure:8706: $? = 0
configure:8719: result: no
configure:9077: checking for gcc option to produce PIC
configure:9084: result: -fPIC -DPIC
configure:9092: checking if gcc PIC flag -fPIC -DPIC works
configure:9110: gcc -c -g -O2  -fPIC -DPIC -DPIC conftest.c >&5
configure:9114: $? = 0
configure:9127: result: yes
configure:9156: checking if gcc static flag -static works
configure:9184: result: yes
configure:9199: checking if gcc supports -c -o file.o
configure:9220: gcc -c -g -O2  -o out/conftest2.o conftest.c >&5
configure:9224: $? = 0
configure:9246: result: yes
configure:9254: checking if gcc supports -c -o file.o
configure:9301: result: yes
configure:9334: checking whether the gcc linker (/usr/bin/ld -m elf_x86_64) supports shared libraries
configure:10595: result: yes
configure:10632: checking whether -lc should be explicitly linked in
configure:10640: gcc -c -g -O2  conftest.c >&5
configure:10643: $? = 0
configure:10658: gcc -shared  -fPIC -DPIC conftest.o  -v -Wl,-soname -Wl,conftest -o conftest 2\>\&1 \| /usr/bin/grep  -lc  \>/dev/null 2\>\&1
configure:10661: $? = 0
configure:10675: result: no
configure:10835: checking dynamic linker characteristics
configure:11416: gcc -o conftest -g -O2   -Wl,-rpath -Wl,/foo conftest.c  >&5
configure:11416: $? = 0
configure:11653: result: GNU/Linux ld.so
configure:11775: checking how to hardcode library paths into programs
configure:11800: result: immediate
configure:12348: checking whether stripping libraries is possible
configure:12357: result: yes
configure:12399: checking if libtool supports shared libraries
configure:12401: result: yes
configure:12404: checking whether to build shared libraries
configure:12429: result: yes
configure:12432: checking whether to build static libraries
configure:12436: result: yes
configure:9311: checking for g++
configure:9327: found /usr/bin/g++
configure:9338: result: g++
configure:9365: checking for C++ compiler version
configure:9374: g++ --version >&5
g++ (GCC) 9.2.0
Copyright (C) 2019 Free Software Foundation, Inc.
This is free software; see the source for copying conditions.  There is NO
warranty; not even for MERCHANTABILITY or FITNESS FOR A PARTICULAR PURPOSE.

configure:9385: $? = 0
configure:9374: g++ -v >&5
Using built-in specs.
COLLECT_GCC=g++
COLLECT_LTO_WRAPPER=/usr/lib/gcc/x86_64-pc-linux-gnu/9.2.0/lto-wrapper
Target: x86_64-pc-linux-gnu
Configured with: /build/gcc/src/gcc/configure --prefix=/usr --libdir=/usr/lib --libexecdir=/usr/lib --mandir=/usr/share/man --infodir=/usr/share/info --with-bugurl=https://bugs.archlinux.org/ --enable-languages=c,c++,ada,fortran,go,lto,objc,obj-c++ --enable-shared --enable-threads=posix --with-system-zlib --with-isl --enable-__cxa_atexit --disable-libunwind-exceptions --enable-clocale=gnu --disable-libstdcxx-pch --disable-libssp --enable-gnu-unique-object --enable-linker-build-id --enable-lto --enable-plugin --enable-install-libiberty --with-linker-hash-style=gnu --enable-gnu-indirect-function --enable-multilib --disable-werror --enable-checking=release --enable-default-pie --enable-default-ssp --enable-cet=auto
Thread model: posix
gcc version 9.2.0 (GCC) 
configure:9385: $? = 0
configure:9374: g++ -V >&5
g++: error: unrecognized command line option '-V'
g++: fatal error: no input files
compilation terminated.
configure:9385: $? = 1
configure:9374: g++ -qversion >&5
g++: error: unrecognized command line option '-qversion'; did you mean '--version'?
g++: fatal error: no input files
compilation terminated.
configure:9385: $? = 1
configure:9389: checking whether we are using the GNU C++ compiler
configure:9408: g++ -c   conftest.cpp >&5
configure:9408: $? = 0
configure:9417: result: yes
configure:9426: checking whether g++ accepts -g
configure:9446: g++ -c -g  conftest.cpp >&5
configure:9446: $? = 0
configure:9487: result: yes
configure:9512: checking dependency style of g++
configure:9623: result: gcc3
configure:9656: checking how to run the C++ preprocessor
configure:9683: g++ -E  conftest.cpp
configure:9683: $? = 0
configure:9697: g++ -E  conftest.cpp
conftest.cpp:23:10: fatal error: ac_nonexistent.h: No such file or directory
   23 | #include <ac_nonexistent.h>
      |          ^~~~~~~~~~~~~~~~~~
compilation terminated.
configure:9697: $? = 1
configure: failed program was:
| /* confdefs.h */
| #define PACKAGE_NAME "lightdm"
| #define PACKAGE_TARNAME "lightdm"
| #define PACKAGE_VERSION "1.30.0"
| #define PACKAGE_STRING "lightdm 1.30.0"
| #define PACKAGE_BUGREPORT ""
| #define PACKAGE_URL ""
| #define PACKAGE "lightdm"
| #define VERSION "1.30.0"
| #define STDC_HEADERS 1
| #define HAVE_SYS_TYPES_H 1
| #define HAVE_SYS_STAT_H 1
| #define HAVE_STDLIB_H 1
| #define HAVE_STRING_H 1
| #define HAVE_MEMORY_H 1
| #define HAVE_STRINGS_H 1
| #define HAVE_INTTYPES_H 1
| #define HAVE_STDINT_H 1
| #define HAVE_UNISTD_H 1
| #define HAVE_DLFCN_H 1
| #define LT_OBJDIR ".libs/"
| /* end confdefs.h.  */
| #include <ac_nonexistent.h>
configure:9722: result: g++ -E
configure:9742: g++ -E  conftest.cpp
configure:9742: $? = 0
configure:9756: g++ -E  conftest.cpp
conftest.cpp:23:10: fatal error: ac_nonexistent.h: No such file or directory
   23 | #include <ac_nonexistent.h>
      |          ^~~~~~~~~~~~~~~~~~
compilation terminated.
configure:9756: $? = 1
configure: failed program was:
| /* confdefs.h */
| #define PACKAGE_NAME "lightdm"
| #define PACKAGE_TARNAME "lightdm"
| #define PACKAGE_VERSION "1.30.0"
| #define PACKAGE_STRING "lightdm 1.30.0"
| #define PACKAGE_BUGREPORT ""
| #define PACKAGE_URL ""
| #define PACKAGE "lightdm"
| #define VERSION "1.30.0"
| #define STDC_HEADERS 1
| #define HAVE_SYS_TYPES_H 1
| #define HAVE_SYS_STAT_H 1
| #define HAVE_STDLIB_H 1
| #define HAVE_STRING_H 1
| #define HAVE_MEMORY_H 1
| #define HAVE_STRINGS_H 1
| #define HAVE_INTTYPES_H 1
| #define HAVE_STDINT_H 1
| #define HAVE_UNISTD_H 1
| #define HAVE_DLFCN_H 1
| #define LT_OBJDIR ".libs/"
| /* end confdefs.h.  */
| #include <ac_nonexistent.h>
configure:9918: checking for ld used by g++
configure:9985: result: /usr/bin/ld -m elf_x86_64
configure:9992: checking if the linker (/usr/bin/ld -m elf_x86_64) is GNU ld
configure:10007: result: yes
configure:10062: checking whether the g++ linker (/usr/bin/ld -m elf_x86_64) supports shared libraries
configure:11136: result: yes
configure:11172: g++ -c -g -O2  conftest.cpp >&5
configure:11175: $? = 0
configure:11656: checking for g++ option to produce PIC
configure:11663: result: -fPIC -DPIC
configure:11671: checking if g++ PIC flag -fPIC -DPIC works
configure:11689: g++ -c -g -O2  -fPIC -DPIC -DPIC conftest.cpp >&5
configure:11693: $? = 0
configure:11706: result: yes
configure:11729: checking if g++ static flag -static works
configure:11757: result: yes
configure:11769: checking if g++ supports -c -o file.o
configure:11790: g++ -c -g -O2  -o out/conftest2.o conftest.cpp >&5
configure:11794: $? = 0
configure:11816: result: yes
configure:11821: checking if g++ supports -c -o file.o
configure:11868: result: yes
configure:11898: checking whether the g++ linker (/usr/bin/ld -m elf_x86_64) supports shared libraries
configure:11938: result: yes
configure:12079: checking dynamic linker characteristics
configure:12824: result: GNU/Linux ld.so
configure:12889: checking how to hardcode library paths into programs
configure:12914: result: immediate
configure:11801: checking whether ln -s works
configure:11805: result: yes
configure:11814: checking whether to enable maintainer-specific portions of Makefiles
configure:11823: result: no
configure:11911: checking for pkg-config
configure:11929: found /usr/bin/pkg-config
configure:11941: result: /usr/bin/pkg-config
configure:11966: checking pkg-config is at least version 0.9.0
configure:11969: result: yes
configure:11988: checking for gobject-introspection
configure:12019: $PKG_CONFIG --exists --print-errors "gobject-introspection-1.0 >= 0.9.5"
configure:12022: $? = 0
configure:12033: result: yes
configure:12194: checking for pkg-config
configure:12224: result: /usr/bin/pkg-config
configure:12249: checking pkg-config is at least version 0.9.0
configure:12252: result: yes
configure:12262: $PKG_CONFIG --exists --print-errors "$vapigen_pkg"
Package vapigen was not found in the pkg-config search path.
Perhaps you should add the directory containing `vapigen.pc'
to the PKG_CONFIG_PATH environment variable
Package 'vapigen', required by 'virtual:world', not found
configure:12265: $? = 1
configure:12291: checking for vapigen
configure:12313: result: no
configure:12333: checking security/pam_appl.h usability
configure:12333: gcc -c -g -O2  conftest.c >&5
configure:12333: $? = 0
configure:12333: result: yes
configure:12333: checking security/pam_appl.h presence
configure:12333: gcc -E  conftest.c
configure:12333: $? = 0
configure:12333: result: yes
configure:12333: checking for security/pam_appl.h
configure:12333: result: yes
configure:12348: checking gcrypt.h usability
configure:12348: gcc -c -g -O2  conftest.c >&5
configure:12348: $? = 0
configure:12348: result: yes
configure:12348: checking gcrypt.h presence
configure:12348: gcc -E  conftest.c
configure:12348: $? = 0
configure:12348: result: yes
configure:12348: checking for gcrypt.h
configure:12348: result: yes
configure:12364: checking for setresgid
configure:12364: gcc -o conftest -g -O2   conftest.c  >&5
configure:12364: $? = 0
configure:12364: result: yes
configure:12364: checking for setresuid
configure:12364: gcc -o conftest -g -O2   conftest.c  >&5
configure:12364: $? = 0
configure:12364: result: yes
configure:12364: checking for clearenv
configure:12364: gcc -o conftest -g -O2   conftest.c  >&5
configure:12364: $? = 0
configure:12364: result: yes
configure:12376: checking for LIGHTDM
configure:12389: $PKG_CONFIG --exists --print-errors "
    glib-2.0 >= 2.44
    gio-2.0 >= 2.26
    gio-unix-2.0
    xdmcp
    xcb
"
configure:12398: $? = 0
configure:12424: $PKG_CONFIG --exists --print-errors "
    glib-2.0 >= 2.44
    gio-2.0 >= 2.26
    gio-unix-2.0
    xdmcp
    xcb
"
configure:12433: $? = 0
configure:12515: result: yes
configure:12522: checking for GLIB
configure:12531: $PKG_CONFIG --exists --print-errors "
    glib-2.0
"
configure:12536: $? = 0
configure:12554: $PKG_CONFIG --exists --print-errors "
    glib-2.0
"
configure:12559: $? = 0
configure:12625: result: yes
configure:12632: checking for GIO
configure:12641: $PKG_CONFIG --exists --print-errors "
    gio-2.0
"
configure:12646: $? = 0
configure:12664: $PKG_CONFIG --exists --print-errors "
    gio-2.0
"
configure:12669: $? = 0
configure:12735: result: yes
configure:12742: checking for GIO_UNIX
configure:12751: $PKG_CONFIG --exists --print-errors "
    gio-unix-2.0
"
configure:12756: $? = 0
configure:12774: $PKG_CONFIG --exists --print-errors "
    gio-unix-2.0
"
configure:12779: $? = 0
configure:12845: result: yes
configure:12852: checking for GOBJECT
configure:12861: $PKG_CONFIG --exists --print-errors "
    gobject-2.0
"
configure:12866: $? = 0
configure:12884: $PKG_CONFIG --exists --print-errors "
    gobject-2.0
"
configure:12889: $? = 0
configure:12955: result: yes
configure:12962: checking for XCB
configure:12971: $PKG_CONFIG --exists --print-errors "
    xcb
"
configure:12976: $? = 0
configure:12994: $PKG_CONFIG --exists --print-errors "
    xcb
"
configure:12999: $? = 0
configure:13065: result: yes
configure:13072: checking for LIBLIGHTDM_GOBJECT
configure:13086: $PKG_CONFIG --exists --print-errors "
    glib-2.0 >= 2.44
    gio-2.0 >= 2.26
    gio-unix-2.0
    gobject-2.0
    libxklavier
    x11
"
configure:13096: $? = 0
configure:13124: $PKG_CONFIG --exists --print-errors "
    glib-2.0 >= 2.44
    gio-2.0 >= 2.26
    gio-unix-2.0
    gobject-2.0
    libxklavier
    x11
"
configure:13134: $? = 0
configure:13220: result: yes
configure:13236: checking for LIBLIGHTDM_QT4
configure:13247: $PKG_CONFIG --exists --print-errors "
        QtCore
        QtDBus
        QtGui
    "
configure:13254: $? = 0
configure:13276: $PKG_CONFIG --exists --print-errors "
        QtCore
        QtDBus
        QtGui
    "
configure:13283: $? = 0
configure:13345: result: yes
configure:13399: checking for moc-qt4
configure:13415: found /usr/bin/moc-qt4
configure:13426: result: moc-qt4
configure:13485: checking for LIBLIGHTDM_QT5
configure:13496: $PKG_CONFIG --exists --print-errors "
        Qt5Core
        Qt5DBus
        Qt5Gui
    "
configure:13503: $? = 0
configure:13525: $PKG_CONFIG --exists --print-errors "
        Qt5Core
        Qt5DBus
        Qt5Gui
    "
configure:13532: $? = 0
configure:13594: result: yes
configure:13648: checking for moc-qt5
configure:13664: found /usr/bin/moc-qt5
configure:13675: result: moc-qt5
configure:13732: checking for audit_log_user_message in -laudit
configure:13757: gcc -o conftest -g -O2   conftest.c -laudit   >&5
configure:13757: $? = 0
configure:13766: result: yes
configure:13787: checking whether to build tests
configure:13862: checking for gtk-doc
configure:13865: $PKG_CONFIG --exists --print-errors "$gtk_doc_requires"
configure:13868: $? = 0
configure:13874: result: yes
configure:13888: checking for gtkdoc-check
configure:13904: found /usr/bin/gtkdoc-check
configure:13915: result: gtkdoc-check.test
configure:13925: checking for gtkdoc-check
configure:13943: found /usr/bin/gtkdoc-check
configure:13955: result: /usr/bin/gtkdoc-check
configure:13967: checking for gtkdoc-rebase
configure:13985: found /usr/bin/gtkdoc-rebase
configure:13997: result: /usr/bin/gtkdoc-rebase
configure:14011: checking for gtkdoc-mkpdf
configure:14029: found /usr/bin/gtkdoc-mkpdf
configure:14041: result: /usr/bin/gtkdoc-mkpdf
configure:14069: checking whether to build gtk-doc documentation
configure:14071: result: no
configure:14084: checking for GTKDOC_DEPS
configure:14091: $PKG_CONFIG --exists --print-errors "glib-2.0 >= 2.10.0 gobject-2.0  >= 2.10.0"
configure:14094: $? = 0
configure:14108: $PKG_CONFIG --exists --print-errors "glib-2.0 >= 2.10.0 gobject-2.0  >= 2.10.0"
configure:14111: $? = 0
configure:14149: result: yes
configure:14263: checking for itstool
configure:14279: found /usr/bin/itstool
configure:14290: result: itstool
configure:14305: checking for xmllint
configure:14321: found /usr/bin/xmllint
configure:14332: result: xmllint
configure:14519: checking whether NLS is requested
configure:14528: result: yes
configure:14546: checking for intltool >= 0.35.0
configure:14548: result: 0.51.0 found
configure:14556: checking for intltool-update
configure:14574: found /usr/bin/intltool-update
configure:14586: result: /usr/bin/intltool-update
configure:14596: checking for intltool-merge
configure:14614: found /usr/bin/intltool-merge
configure:14626: result: /usr/bin/intltool-merge
configure:14636: checking for intltool-extract
configure:14654: found /usr/bin/intltool-extract
configure:14666: result: /usr/bin/intltool-extract
configure:14820: checking for xgettext
configure:14838: found /usr/bin/xgettext
configure:14850: result: /usr/bin/xgettext
configure:14860: checking for msgmerge
configure:14878: found /usr/bin/msgmerge
configure:14890: result: /usr/bin/msgmerge
configure:14900: checking for msgfmt
configure:14918: found /usr/bin/msgfmt
configure:14930: result: /usr/bin/msgfmt
configure:14940: checking for gmsgfmt
configure:14971: result: /usr/bin/msgfmt
configure:14991: checking for perl
configure:15009: found /usr/bin/perl
configure:15021: result: /usr/bin/perl
configure:15032: checking for perl >= 5.8.1
configure:15039: result: 5.30.0
configure:15043: checking for XML::Parser
configure:15046: result: ok
configure:15171: checking that generated files are newer than configure
configure:15177: result: done
configure:15256: creating ./config.status

## ---------------------- ##
## Running config.status. ##
## ---------------------- ##

This file was extended by lightdm config.status 1.30.0, which was
generated by GNU Autoconf 2.69.  Invocation command line was

  CONFIG_FILES    = 
  CONFIG_HEADERS  = 
  CONFIG_LINKS    = 
  CONFIG_COMMANDS = 
  $ ./config.status 

on dingjing-pc

config.status:1474: creating Makefile
config.status:1474: creating common/Makefile
config.status:1474: creating data/Makefile
config.status:1474: creating doc/Makefile
config.status:1474: creating help/Makefile
config.status:1474: creating liblightdm-gobject/liblightdm-gobject-1.pc
config.status:1474: creating liblightdm-gobject/Makefile
config.status:1474: creating liblightdm-qt/Makefile
config.status:1474: creating liblightdm-qt/liblightdm-qt-3.pc
config.status:1474: creating liblightdm-qt/liblightdm-qt5-3.pc
config.status:1474: creating po/Makefile.in
config.status:1474: creating src/Makefile
config.status:1474: creating tests/Makefile
config.status:1474: creating tests/src/Makefile
config.status:1474: creating config.h
config.status:1655: config.h is unchanged
config.status:1703: executing depfiles commands
config.status:1780: cd common       && sed -e '/# am--include-marker/d' Makefile         | make -f - am--depfiles
make: Nothing to be done for 'am--depfiles'.
config.status:1785: $? = 0
config.status:1780: cd liblightdm-gobject       && sed -e '/# am--include-marker/d' Makefile         | make -f - am--depfiles
make: Nothing to be done for 'am--depfiles'.
config.status:1785: $? = 0
config.status:1780: cd liblightdm-qt       && sed -e '/# am--include-marker/d' Makefile         | make -f - am--depfiles
make: Nothing to be done for 'am--depfiles'.
config.status:1785: $? = 0
config.status:1780: cd src       && sed -e '/# am--include-marker/d' Makefile         | make -f - am--depfiles
make: Nothing to be done for 'am--depfiles'.
config.status:1785: $? = 0
config.status:1780: cd tests/src       && sed -e '/# am--include-marker/d' Makefile         | make -f - am--depfiles
make: Nothing to be done for 'am--depfiles'.
config.status:1785: $? = 0
config.status:1703: executing libtool commands
config.status:1703: executing po/stamp-it commands

## ---------------- ##
## Cache variables. ##
## ---------------- ##

ac_cv_build=x86_64-pc-linux-gnu
ac_cv_c_compiler_gnu=yes
ac_cv_cxx_compiler_gnu=yes
ac_cv_env_CCC_set=
ac_cv_env_CCC_value=
ac_cv_env_CC_set=
ac_cv_env_CC_value=
ac_cv_env_CFLAGS_set=
ac_cv_env_CFLAGS_value=
ac_cv_env_CPPFLAGS_set=
ac_cv_env_CPPFLAGS_value=
ac_cv_env_CPP_set=
ac_cv_env_CPP_value=
ac_cv_env_CXXCPP_set=
ac_cv_env_CXXCPP_value=
ac_cv_env_CXXFLAGS_set=
ac_cv_env_CXXFLAGS_value=
ac_cv_env_CXX_set=
ac_cv_env_CXX_value=
ac_cv_env_GIO_CFLAGS_set=
ac_cv_env_GIO_CFLAGS_value=
ac_cv_env_GIO_LIBS_set=
ac_cv_env_GIO_LIBS_value=
ac_cv_env_GIO_UNIX_CFLAGS_set=
ac_cv_env_GIO_UNIX_CFLAGS_value=
ac_cv_env_GIO_UNIX_LIBS_set=
ac_cv_env_GIO_UNIX_LIBS_value=
ac_cv_env_GLIB_CFLAGS_set=
ac_cv_env_GLIB_CFLAGS_value=
ac_cv_env_GLIB_LIBS_set=
ac_cv_env_GLIB_LIBS_value=
ac_cv_env_GOBJECT_CFLAGS_set=
ac_cv_env_GOBJECT_CFLAGS_value=
ac_cv_env_GOBJECT_LIBS_set=
ac_cv_env_GOBJECT_LIBS_value=
ac_cv_env_GTKDOC_DEPS_CFLAGS_set=
ac_cv_env_GTKDOC_DEPS_CFLAGS_value=
ac_cv_env_GTKDOC_DEPS_LIBS_set=
ac_cv_env_GTKDOC_DEPS_LIBS_value=
ac_cv_env_ITSTOOL_set=
ac_cv_env_ITSTOOL_value=
ac_cv_env_LDFLAGS_set=
ac_cv_env_LDFLAGS_value=
ac_cv_env_LIBLIGHTDM_GOBJECT_CFLAGS_set=
ac_cv_env_LIBLIGHTDM_GOBJECT_CFLAGS_value=
ac_cv_env_LIBLIGHTDM_GOBJECT_LIBS_set=
ac_cv_env_LIBLIGHTDM_GOBJECT_LIBS_value=
ac_cv_env_LIBLIGHTDM_QT4_CFLAGS_set=
ac_cv_env_LIBLIGHTDM_QT4_CFLAGS_value=
ac_cv_env_LIBLIGHTDM_QT4_LIBS_set=
ac_cv_env_LIBLIGHTDM_QT4_LIBS_value=
ac_cv_env_LIBLIGHTDM_QT5_CFLAGS_set=
ac_cv_env_LIBLIGHTDM_QT5_CFLAGS_value=
ac_cv_env_LIBLIGHTDM_QT5_LIBS_set=
ac_cv_env_LIBLIGHTDM_QT5_LIBS_value=
ac_cv_env_LIBS_set=
ac_cv_env_LIBS_value=
ac_cv_env_LIGHTDM_CFLAGS_set=
ac_cv_env_LIGHTDM_CFLAGS_value=
ac_cv_env_LIGHTDM_LIBS_set=
ac_cv_env_LIGHTDM_LIBS_value=
ac_cv_env_LT_SYS_LIBRARY_PATH_set=
ac_cv_env_LT_SYS_LIBRARY_PATH_value=
ac_cv_env_PKG_CONFIG_LIBDIR_set=
ac_cv_env_PKG_CONFIG_LIBDIR_value=
ac_cv_env_PKG_CONFIG_PATH_set=
ac_cv_env_PKG_CONFIG_PATH_value=
ac_cv_env_PKG_CONFIG_set=
ac_cv_env_PKG_CONFIG_value=
ac_cv_env_XCB_CFLAGS_set=
ac_cv_env_XCB_CFLAGS_value=
ac_cv_env_XCB_LIBS_set=
ac_cv_env_XCB_LIBS_value=
ac_cv_env_XMLLINT_set=
ac_cv_env_XMLLINT_value=
ac_cv_env_build_alias_set=
ac_cv_env_build_alias_value=
ac_cv_env_host_alias_set=
ac_cv_env_host_alias_value=
ac_cv_env_target_alias_set=
ac_cv_env_target_alias_value=
ac_cv_func_clearenv=yes
ac_cv_func_setresgid=yes
ac_cv_func_setresuid=yes
ac_cv_header_dlfcn_h=yes
ac_cv_header_gcrypt_h=yes
ac_cv_header_inttypes_h=yes
ac_cv_header_memory_h=yes
ac_cv_header_security_pam_appl_h=yes
ac_cv_header_stdc=yes
ac_cv_header_stdint_h=yes
ac_cv_header_stdlib_h=yes
ac_cv_header_string_h=yes
ac_cv_header_strings_h=yes
ac_cv_header_sys_stat_h=yes
ac_cv_header_sys_types_h=yes
ac_cv_header_unistd_h=yes
ac_cv_host=x86_64-pc-linux-gnu
ac_cv_lib_audit_audit_log_user_message=yes
ac_cv_objext=o
ac_cv_path_EGREP='/usr/bin/grep -E'
ac_cv_path_FGREP='/usr/bin/grep -F'
ac_cv_path_GMSGFMT=/usr/bin/msgfmt
ac_cv_path_GREP=/usr/bin/grep
ac_cv_path_GTKDOC_CHECK_PATH=/usr/bin/gtkdoc-check
ac_cv_path_GTKDOC_MKPDF=/usr/bin/gtkdoc-mkpdf
ac_cv_path_GTKDOC_REBASE=/usr/bin/gtkdoc-rebase
ac_cv_path_INTLTOOL_EXTRACT=/usr/bin/intltool-extract
ac_cv_path_INTLTOOL_MERGE=/usr/bin/intltool-merge
ac_cv_path_INTLTOOL_PERL=/usr/bin/perl
ac_cv_path_INTLTOOL_UPDATE=/usr/bin/intltool-update
ac_cv_path_MSGFMT=/usr/bin/msgfmt
ac_cv_path_MSGMERGE=/usr/bin/msgmerge
ac_cv_path_SED=/usr/bin/sed
ac_cv_path_XGETTEXT=/usr/bin/xgettext
ac_cv_path_ac_pt_PKG_CONFIG=/usr/bin/pkg-config
ac_cv_path_install='/usr/bin/install -c'
ac_cv_path_lt_DD=/usr/bin/dd
ac_cv_path_mkdir=/usr/bin/mkdir
ac_cv_prog_AWK=gawk
ac_cv_prog_CPP='gcc -E'
ac_cv_prog_CXXCPP='g++ -E'
ac_cv_prog_GTKDOC_CHECK=gtkdoc-check.test
ac_cv_prog_ITSTOOL=itstool
ac_cv_prog_XMLLINT=xmllint
ac_cv_prog_ac_ct_AR=ar
ac_cv_prog_ac_ct_CC=gcc
ac_cv_prog_ac_ct_CXX=g++
ac_cv_prog_ac_ct_MOC4=moc-qt4
ac_cv_prog_ac_ct_MOC5=moc-qt5
ac_cv_prog_ac_ct_OBJDUMP=objdump
ac_cv_prog_ac_ct_RANLIB=ranlib
ac_cv_prog_ac_ct_STRIP=strip
ac_cv_prog_cc_c89=
ac_cv_prog_cc_c99=
ac_cv_prog_cc_g=yes
ac_cv_prog_cxx_g=yes
ac_cv_prog_make_make_set=yes
am_cv_CC_dependencies_compiler_type=gcc3
am_cv_CXX_dependencies_compiler_type=gcc3
am_cv_make_support_nested_variables=yes
am_cv_prog_cc_c_o=yes
lt_cv_ar_at_file=@
lt_cv_archive_cmds_need_lc=no
lt_cv_deplibs_check_method=pass_all
lt_cv_file_magic_cmd='$MAGIC_CMD'
lt_cv_file_magic_test_file=
lt_cv_ld_reload_flag=-r
lt_cv_nm_interface='BSD nm'
lt_cv_objdir=.libs
lt_cv_path_LD=/usr/bin/ld
lt_cv_path_LDCXX='/usr/bin/ld -m elf_x86_64'
lt_cv_path_NM='/usr/bin/nm -B'
lt_cv_path_mainfest_tool=no
lt_cv_prog_compiler_c_o=yes
lt_cv_prog_compiler_c_o_CXX=yes
lt_cv_prog_compiler_pic='-fPIC -DPIC'
lt_cv_prog_compiler_pic_CXX='-fPIC -DPIC'
lt_cv_prog_compiler_pic_works=yes
lt_cv_prog_compiler_pic_works_CXX=yes
lt_cv_prog_compiler_rtti_exceptions=no
lt_cv_prog_compiler_static_works=yes
lt_cv_prog_compiler_static_works_CXX=yes
lt_cv_prog_gnu_ld=yes
lt_cv_prog_gnu_ldcxx=yes
lt_cv_sharedlib_from_linklib_cmd='printf %s\n'
lt_cv_shlibpath_overrides_runpath=no
lt_cv_sys_global_symbol_pipe='sed -n -e '\''s/^.*[	 ]\([ABCDGIRSTW][ABCDGIRSTW]*\)[	 ][	 ]*\([_A-Za-z][_A-Za-z0-9]*\)$/\1 \2 \2/p'\'' | sed '\''/ __gnu_lto/d'\'''
lt_cv_sys_global_symbol_to_c_name_address='sed -n -e '\''s/^: \(.*\) .*$/  {"\1", (void *) 0},/p'\'' -e '\''s/^[ABCDGIRSTW][ABCDGIRSTW]* .* \(.*\)$/  {"\1", (void *) \&\1},/p'\'''
lt_cv_sys_global_symbol_to_c_name_address_lib_prefix='sed -n -e '\''s/^: \(.*\) .*$/  {"\1", (void *) 0},/p'\'' -e '\''s/^[ABCDGIRSTW][ABCDGIRSTW]* .* \(lib.*\)$/  {"\1", (void *) \&\1},/p'\'' -e '\''s/^[ABCDGIRSTW][ABCDGIRSTW]* .* \(.*\)$/  {"lib\1", (void *) \&\1},/p'\'''
lt_cv_sys_global_symbol_to_cdecl='sed -n -e '\''s/^T .* \(.*\)$/extern int \1();/p'\'' -e '\''s/^[ABCDGIRSTW][ABCDGIRSTW]* .* \(.*\)$/extern char \1;/p'\'''
lt_cv_sys_global_symbol_to_import=
lt_cv_sys_max_cmd_len=1572864
lt_cv_to_host_file_cmd=func_convert_file_noop
lt_cv_to_tool_file_cmd=func_convert_file_noop
lt_cv_truncate_bin='/usr/bin/dd bs=4096 count=1'
pkg_cv_GIO_CFLAGS='-I/usr/include/glib-2.0 -I/usr/lib/glib-2.0/include -I/usr/lib/libffi-3.2.1/include -pthread -I/usr/include/libmount -I/usr/include/blkid '
pkg_cv_GIO_LIBS='-lgio-2.0 -lgobject-2.0 -lglib-2.0 '
pkg_cv_GIO_UNIX_CFLAGS='-I/usr/include/gio-unix-2.0 -I/usr/include/glib-2.0 -I/usr/lib/glib-2.0/include -I/usr/lib/libffi-3.2.1/include -pthread -I/usr/include/libmount -I/usr/include/blkid '
pkg_cv_GIO_UNIX_LIBS='-lgio-2.0 -lgobject-2.0 -lglib-2.0 '
pkg_cv_GLIB_CFLAGS='-I/usr/include/glib-2.0 -I/usr/lib/glib-2.0/include '
pkg_cv_GLIB_LIBS='-lglib-2.0 '
pkg_cv_GOBJECT_CFLAGS='-I/usr/include/glib-2.0 -I/usr/lib/glib-2.0/include -I/usr/lib/libffi-3.2.1/include '
pkg_cv_GOBJECT_LIBS='-lgobject-2.0 -lglib-2.0 '
pkg_cv_GTKDOC_DEPS_CFLAGS='-I/usr/include/glib-2.0 -I/usr/lib/glib-2.0/include -I/usr/lib/libffi-3.2.1/include '
pkg_cv_GTKDOC_DEPS_LIBS='-lgobject-2.0 -lglib-2.0 '
pkg_cv_LIBLIGHTDM_GOBJECT_CFLAGS='-I/usr/include/glib-2.0 -I/usr/lib/glib-2.0/include -I/usr/lib/libffi-3.2.1/include -I/usr/include/libmount -I/usr/include/blkid -I/usr/include/gio-unix-2.0 -pthread -I/usr/include/libxml2 '
pkg_cv_LIBLIGHTDM_GOBJECT_LIBS='-lgio-2.0 -lgobject-2.0 -lglib-2.0 -lxklavier -lX11 '
pkg_cv_LIBLIGHTDM_QT4_CFLAGS='-I/usr/include/qt4 -I/usr/include/qt4/QtCore -I/usr/include/qt4/QtDBus -I/usr/include/qt4/QtXml -I/usr/include/qt4/QtGui -DQT_SHARED '
pkg_cv_LIBLIGHTDM_QT4_LIBS='-lQtDBus -lQtXml -lQtGui -lQtCore '
pkg_cv_LIBLIGHTDM_QT5_CFLAGS='-I/usr/include/qt/QtCore -I/usr/include/qt -DQT_DBUS_LIB -I/usr/include/qt/QtDBus -DQT_GUI_LIB -I/usr/include/qt/QtGui -DQT_CORE_LIB '
pkg_cv_LIBLIGHTDM_QT5_LIBS='-lQt5DBus -lQt5Gui -lQt5Core '
pkg_cv_LIGHTDM_CFLAGS='-I/usr/include/glib-2.0 -I/usr/lib/glib-2.0/include -I/usr/lib/libffi-3.2.1/include -I/usr/include/libmount -I/usr/include/blkid -I/usr/include/gio-unix-2.0 -pthread '
pkg_cv_LIGHTDM_LIBS='-lgio-2.0 -lgobject-2.0 -lglib-2.0 -lXdmcp -lxcb '
pkg_cv_XCB_CFLAGS=
pkg_cv_XCB_LIBS='-lxcb '

## ----------------- ##
## Output variables. ##
## ----------------- ##
















	        $(LN_S) -f "$(HELP_DIR)/C/$(HELP_ID)/$$f" "$$helpdir$$f" || exit 1; \
	        echo "$(LN_S) -f $(HELP_DIR)/C/$(HELP_ID)/$$f $$helpdir$$f"; \
	      $(INSTALL_DATA) "$$d$$lc/$$f" "$$helpdir$$f" || exit 1; \
	      echo "$(INSTALL_DATA) $$d$$lc/$$f $$helpdir$$f"; \
	      fi; \
	      if test "x$(YELP_LC_MEDIA_LINKS)" != "x"; then \
	    $(ITSTOOL) -o "$(notdir $@).tmp" $(_HELP_C_FILES) && \
	    $(ITSTOOL) -o "$(notdir $@).tmp" $(_HELP_C_FILES) && \
	    $(XMLLINT) --nonet --noout --noent --path "$$xmlpath" --xinclude "$$d$$lc/$$page"; \
	    cp -p "$$d$$lc/$$file" "$(distdir)/$$lc/" || exit 1; \
	    d="$(srcdir)/"; \
	    echo "$(XMLLINT) --nonet --noout --noent --path $$xmlpath --xinclude $$d$$lc/$$page"; \
	    echo "rm -f $$helpdir$$f"; \
	    elif test "x$$lc" != "xC"; then \
	    fi; \
	    helpdir="$(DESTDIR)$(HELP_DIR)/$$lc/$(HELP_ID)/"; \
	    helpdir="$(DESTDIR)$(HELP_DIR)/$$lc/$(HELP_ID)/"; \
	    if ! test -d "$$helpdir$$mdir"; then $(mkinstalldirs) "$$helpdir$$mdir"; fi; \
	    if test "x$mdir" = "x."; then mdir=""; fi; \
	    if test -f "$$d$$lc/$$f"; then \
	    if test -f "$$lc$$f"; then d=; else d="$(srcdir)/"; fi; \
	    if test -f "$$lc/$$file"; then d=./; else d=$(srcdir)/; fi; \
	    mdir=`dirname "$$f"`; \
	    msgmerge -o "$(notdir $@)" "$(notdir $@)" "$(notdir $@).tmp" && \
	    mv "$(notdir $@).tmp" "$(notdir $@)"); \
	    rm "$(notdir $@).tmp"); \
	    rm -f "$$helpdir$$f"; \
	    then d=; \
	    xmlpath="$$lc"; \
	    xmlpath="$$lc:$(srcdir)/$$lc"; \
	  $(INSTALL_DATA) "$$d$$f" "$$helpdir`basename $$f`" || exit 1; \
	  $(INSTALL_DATA) "$$d$$lc/$$f" "$$helpdir`basename $$f`" || exit 1; \
	  $(MKDIR_P) "$(distdir)/$$lc"; \
	  $(mkinstalldirs) "$(DESTDIR)$(HELP_DIR)/$$lc/$(HELP_ID)" || exit 1; \
	  (cd "$(dir $@)" && \
	  (cd "$(dir $@)" && \
	  done; \
	  done; \
	  done; \
	  done; \
	  echo "$(INSTALL_DATA) $$d$$f $$helpdir`basename $$f`"; \
	  echo "$(INSTALL_DATA) $$d$$lc/$$f $$helpdir`basename $$f`"; \
	  echo "rm -f $$helpdir`basename $$f`"; \
	  echo "rm -f $$helpdir`basename $$f`"; \
	  else \
	  fi; \
	  for file in $(HELP_FILES); do \
	  for lc in C $(_HELP_LINGUAS); do \
	  for lc in C $(_HELP_LINGUAS); do \
	  for page in $(HELP_FILES); do \
	  helpdir="$(DESTDIR)$(HELP_DIR)/$$lc/$(HELP_ID)/"; \
	  helpdir="$(DESTDIR)$(HELP_DIR)/$$lc/$(HELP_ID)/"; \
	  helpdir="$(DESTDIR)$(HELP_DIR)/$$lc/$(HELP_ID)/"; \
	  helpdir="$(DESTDIR)$(HELP_DIR)/$$lc/$(HELP_ID)/"; \
	  if ! test -d "$$helpdir"; then $(mkinstalldirs) "$$helpdir"; fi; \
	  if ! test -d "$$helpdir"; then $(mkinstalldirs) "$$helpdir"; fi; \
	  if test "x$(_HELP_V)" = "x0"; then echo "  GEN    $${po}"; fi; \
	  if test -d "$$lc"; \
	  if test -f "$$f"; then d=; else d="$(srcdir)/"; fi; \
	  if test -f "$$lc/$$f"; then d=; else d="$(srcdir)/"; fi; \
	  lc=`dirname "$$f"`; lc=`basename "$$lc"`; \
	  lc=`dirname "$$f"`; lc=`basename "$$lc"`; \
	  msgmerge -q -o "$${po}" "$${po}" "$(_HELP_POTFILE)"; \
	  rm -f "$$helpdir`basename $$f`"; \
	  rm -f "$$helpdir`basename $$f`"; \
	$(AM_V_GEN)if ! test -f "$@"; then \
	$(AM_V_GEN)if test -d "C"; then d=; else d="$(srcdir)/"; fi; \
	$(AM_V_GEN)msgfmt -o "$@" "$<"
	$(AM_V_at)for po in $(_HELP_POFILES); do \
	$(AM_V_at)if ! test -d "$(dir $@)"; then mkdir "$(dir $@)"; fi
	$(AM_V_at)if ! test -d "$(dir $@)"; then mkdir "$(dir $@)"; fi
	$(AM_V_at)if ! test -d "$(dir $@)"; then mkdir "$(dir $@)"; fi
	$(AM_V_at)if test ! -f "$@" -a -f "$(srcdir)/$@"; then cp "$(srcdir)/$@" "$@"; fi
	$(ITSTOOL) -o "$@" $(foreach f,$(_HELP_C_FILES),"$${d}$(f)")
	$(_HELP_LC_VERBOSE)if test -d "C"; then d="../"; else d="$(abs_srcdir)/"; fi; \
	(cd "$(dir $@)" && $(ITSTOOL) -m "$${mo}" $(foreach f,$(_HELP_C_FILES),$${d}/$(f))) && \
	@for f in $(HELP_MEDIA); do \
	@for f in $(HELP_MEDIA); do \
	@for f in $(_HELP_C_EXTRA); do \
	@for f in $(_HELP_C_EXTRA); do \
	@for lc in C $(_HELP_LINGUAS); do \
	@for lc in C $(_HELP_LINGUAS); do for f in $(HELP_FILES); do \
	@for lc in C $(if $(YELP_LC_DIST),$(HELP_LINGUAS)) ; do \
	done
	done
	done
	done
	done
	done
	done;
	done; \
	done; done
	done; done
	else \
	fi
	for lc in C $(_HELP_LINGUAS); do \
	for lc in C $(_HELP_LINGUAS); do for f in $(HELP_FILES); do \
	if test -f "$${mo}"; then mo="../$${mo}"; else mo="$(abs_srcdir)/$${mo}"; fi; \
	mo="$(dir $@)$(patsubst %/$(notdir $@),%,$@).mo"; \
	rm -f $(_HELP_LC_FILES) $(_HELP_LC_STAMPS) $(_HELP_MOFILES)
	touch "$@"
$(_HELP_LC_FILES): $(_HELP_LINGUAS)
$(_HELP_LC_STAMPS): $(_HELP_C_FILES) $(_HELP_C_EXTRA)
$(_HELP_LC_STAMPS): %.stamp: %.mo
$(_HELP_LINGUAS): $(_HELP_LC_STAMPS)
$(_HELP_MOFILES): %.mo: %.po
$(_HELP_POFILES):
$(_HELP_POTFILE): $(_HELP_C_FILES) $(_HELP_C_EXTRA) $(_HELP_C_MEDIA)
'
.PHONY: check-help
.PHONY: clean-help
.PHONY: install-help
.PHONY: pot
.PHONY: repo
.PHONY: uninstall-help
ACLOCAL='${SHELL} /home/dingjing/下载/lightdm-lightdm-1-30/missing aclocal-1.16'
ALL_LINGUAS=''
AMDEPBACKSLASH='\'
AMDEP_FALSE='#'
AMDEP_TRUE=''
AMTAR='$${TAR-tar}'
AM_BACKSLASH='\'
AM_DEFAULT_V='$(AM_DEFAULT_VERBOSITY)'
AM_DEFAULT_VERBOSITY='0'
AM_V='$(V)'
AR='ar'
AUTOCONF='${SHELL} /home/dingjing/下载/lightdm-lightdm-1-30/missing autoconf'
AUTOHEADER='${SHELL} /home/dingjing/下载/lightdm-lightdm-1-30/missing autoheader'
AUTOMAKE='${SHELL} /home/dingjing/下载/lightdm-lightdm-1-30/missing automake-1.16'
AWK='gawk'
CC='gcc'
CCDEPMODE='depmode=gcc3'
CFLAGS='-g -O2'
COMPILE_LIBLIGHTDM_QT4_FALSE='#'
COMPILE_LIBLIGHTDM_QT4_TRUE=''
COMPILE_LIBLIGHTDM_QT5_FALSE='#'
COMPILE_LIBLIGHTDM_QT5_TRUE=''
COMPILE_TESTS_FALSE='#'
COMPILE_TESTS_TRUE=''
CPP='gcc -E'
CPPFLAGS=''
CXX='g++'
CXXCPP='g++ -E'
CXXDEPMODE='depmode=gcc3'
CXXFLAGS='-g -O2'
CYGPATH_W='echo'
DEFAULT_GREETER_SESSION='default'
DEFAULT_USER_SESSION='default'
DEFS='-DHAVE_CONFIG_H'
DEPDIR='.deps'
DLLTOOL='false'
DSYMUTIL=''
DUMPBIN=''
ECHO_C=''
ECHO_N='-n'
ECHO_T=''
EGREP='/usr/bin/grep -E'
ENABLE_GTK_DOC_FALSE=''
ENABLE_GTK_DOC_TRUE='#'
ENABLE_VAPIGEN_FALSE=''
ENABLE_VAPIGEN_TRUE='#'
EXEEXT=''
EXTRA_DIST += $(_HELP_C_EXTRA) $(_HELP_C_MEDIA)
EXTRA_DIST += $(foreach f,$(HELP_MEDIA),$(foreach lc,$(HELP_LINGUAS),$(wildcard $(lc)/$(f))))
EXTRA_DIST += $(foreach lc,$(HELP_LINGUAS),$(lc)/$(lc).po)
EXTRA_DIST += $(if $(YELP_LC_DIST),$(foreach lc,$(HELP_LINGUAS),$(lc)/$(lc).stamp))
EXTRA_DIST ?=
FGREP='/usr/bin/grep -F'
GETTEXT_PACKAGE='lightdm'
GIO_CFLAGS='-I/usr/include/glib-2.0 -I/usr/lib/glib-2.0/include -I/usr/lib/libffi-3.2.1/include -pthread -I/usr/include/libmount -I/usr/include/blkid '
GIO_LIBS='-lgio-2.0 -lgobject-2.0 -lglib-2.0 '
GIO_UNIX_CFLAGS='-I/usr/include/gio-unix-2.0 -I/usr/include/glib-2.0 -I/usr/lib/glib-2.0/include -I/usr/lib/libffi-3.2.1/include -pthread -I/usr/include/libmount -I/usr/include/blkid '
GIO_UNIX_LIBS='-lgio-2.0 -lgobject-2.0 -lglib-2.0 '
GLIB_CFLAGS='-I/usr/include/glib-2.0 -I/usr/lib/glib-2.0/include '
GLIB_LIBS='-lglib-2.0 '
GMSGFMT='/usr/bin/msgfmt'
GOBJECT_CFLAGS='-I/usr/include/glib-2.0 -I/usr/lib/glib-2.0/include -I/usr/lib/libffi-3.2.1/include '
GOBJECT_LIBS='-lgobject-2.0 -lglib-2.0 '
GREETER_USER='lightdm'
GREP='/usr/bin/grep'
GTKDOC_CHECK='gtkdoc-check.test'
GTKDOC_CHECK_PATH='/usr/bin/gtkdoc-check'
GTKDOC_DEPS_CFLAGS='-I/usr/include/glib-2.0 -I/usr/lib/glib-2.0/include -I/usr/lib/libffi-3.2.1/include '
GTKDOC_DEPS_LIBS='-lgobject-2.0 -lglib-2.0 '
GTKDOC_MKPDF='/usr/bin/gtkdoc-mkpdf'
GTKDOC_REBASE='/usr/bin/gtkdoc-rebase'
GTK_DOC_BUILD_HTML_FALSE='#'
GTK_DOC_BUILD_HTML_TRUE=''
GTK_DOC_BUILD_PDF_FALSE=''
GTK_DOC_BUILD_PDF_TRUE='#'
GTK_DOC_USE_LIBTOOL_FALSE='#'
GTK_DOC_USE_LIBTOOL_TRUE=''
GTK_DOC_USE_REBASE_FALSE='#'
GTK_DOC_USE_REBASE_TRUE=''
HAVE_GTK_DOC_FALSE='#'
HAVE_GTK_DOC_TRUE=''
HAVE_INTROSPECTION_FALSE='#'
HAVE_INTROSPECTION_TRUE=''
HELP_DIR='${datadir}/help'
HELP_EXTRA ?=
HELP_FILES ?=
HELP_ID ?=
HELP_LINGUAS ?=
HELP_MEDIA ?=
HELP_POT ?=
HTML_DIR='${datadir}/gtk-doc/html'
INSTALL_DATA='${INSTALL} -m 644'
INSTALL_PROGRAM='${INSTALL}'
INSTALL_SCRIPT='${INSTALL}'
INSTALL_STRIP_PROGRAM='$(install_sh) -c -s'
INTLTOOL_CAVES_RULE='%.caves:     %.caves.in     $(INTLTOOL_MERGE) $(wildcard $(top_srcdir)/po/*.po) ; $(INTLTOOL_V_MERGE)LC_ALL=C $(INTLTOOL_MERGE) $(INTLTOOL_V_MERGE_OPTIONS) -d -u -c $(top_builddir)/po/.intltool-merge-cache $(top_srcdir)/po $< $@'
INTLTOOL_DESKTOP_RULE='%.desktop:   %.desktop.in   $(INTLTOOL_MERGE) $(wildcard $(top_srcdir)/po/*.po) ; $(INTLTOOL_V_MERGE)LC_ALL=C $(INTLTOOL_MERGE) $(INTLTOOL_V_MERGE_OPTIONS) -d -u -c $(top_builddir)/po/.intltool-merge-cache $(top_srcdir)/po $< $@'
INTLTOOL_DIRECTORY_RULE='%.directory: %.directory.in $(INTLTOOL_MERGE) $(wildcard $(top_srcdir)/po/*.po) ; $(INTLTOOL_V_MERGE)LC_ALL=C $(INTLTOOL_MERGE) $(INTLTOOL_V_MERGE_OPTIONS) -d -u -c $(top_builddir)/po/.intltool-merge-cache $(top_srcdir)/po $< $@'
INTLTOOL_EXTRACT='/usr/bin/intltool-extract'
INTLTOOL_KBD_RULE='%.kbd:       %.kbd.in       $(INTLTOOL_MERGE) $(wildcard $(top_srcdir)/po/*.po) ; $(INTLTOOL_V_MERGE)LC_ALL=C $(INTLTOOL_MERGE) $(INTLTOOL_V_MERGE_OPTIONS) -x -u -m -c $(top_builddir)/po/.intltool-merge-cache $(top_srcdir)/po $< $@'
INTLTOOL_KEYS_RULE='%.keys:      %.keys.in      $(INTLTOOL_MERGE) $(wildcard $(top_srcdir)/po/*.po) ; $(INTLTOOL_V_MERGE)LC_ALL=C $(INTLTOOL_MERGE) $(INTLTOOL_V_MERGE_OPTIONS) -k -u -c $(top_builddir)/po/.intltool-merge-cache $(top_srcdir)/po $< $@'
INTLTOOL_MERGE='/usr/bin/intltool-merge'
INTLTOOL_OAF_RULE='%.oaf:       %.oaf.in       $(INTLTOOL_MERGE) $(wildcard $(top_srcdir)/po/*.po) ; $(INTLTOOL_V_MERGE)LC_ALL=C $(INTLTOOL_MERGE) $(INTLTOOL_V_MERGE_OPTIONS) -o -p $(top_srcdir)/po $< $@'
INTLTOOL_PERL='/usr/bin/perl'
INTLTOOL_POLICY_RULE='%.policy:    %.policy.in    $(INTLTOOL_MERGE) $(wildcard $(top_srcdir)/po/*.po) ; $(INTLTOOL_V_MERGE)LC_ALL=C $(INTLTOOL_MERGE) $(INTLTOOL_V_MERGE_OPTIONS) -x -u -c $(top_builddir)/po/.intltool-merge-cache $(top_srcdir)/po $< $@'
INTLTOOL_PONG_RULE='%.pong:      %.pong.in      $(INTLTOOL_MERGE) $(wildcard $(top_srcdir)/po/*.po) ; $(INTLTOOL_V_MERGE)LC_ALL=C $(INTLTOOL_MERGE) $(INTLTOOL_V_MERGE_OPTIONS) -x -u -c $(top_builddir)/po/.intltool-merge-cache $(top_srcdir)/po $< $@'
INTLTOOL_PROP_RULE='%.prop:      %.prop.in      $(INTLTOOL_MERGE) $(wildcard $(top_srcdir)/po/*.po) ; $(INTLTOOL_V_MERGE)LC_ALL=C $(INTLTOOL_MERGE) $(INTLTOOL_V_MERGE_OPTIONS) -d -u -c $(top_builddir)/po/.intltool-merge-cache $(top_srcdir)/po $< $@'
INTLTOOL_SCHEMAS_RULE='%.schemas:   %.schemas.in   $(INTLTOOL_MERGE) $(wildcard $(top_srcdir)/po/*.po) ; $(INTLTOOL_V_MERGE)LC_ALL=C $(INTLTOOL_MERGE) $(INTLTOOL_V_MERGE_OPTIONS) -s -u -c $(top_builddir)/po/.intltool-merge-cache $(top_srcdir)/po $< $@'
INTLTOOL_SERVER_RULE='%.server:    %.server.in    $(INTLTOOL_MERGE) $(wildcard $(top_srcdir)/po/*.po) ; $(INTLTOOL_V_MERGE)LC_ALL=C $(INTLTOOL_MERGE) $(INTLTOOL_V_MERGE_OPTIONS) -o -u -c $(top_builddir)/po/.intltool-merge-cache $(top_srcdir)/po $< $@'
INTLTOOL_SERVICE_RULE='%.service: %.service.in   $(INTLTOOL_MERGE) $(wildcard $(top_srcdir)/po/*.po) ; $(INTLTOOL_V_MERGE)LC_ALL=C $(INTLTOOL_MERGE) $(INTLTOOL_V_MERGE_OPTIONS) -d -u -c $(top_builddir)/po/.intltool-merge-cache $(top_srcdir)/po $< $@'
INTLTOOL_SHEET_RULE='%.sheet:     %.sheet.in     $(INTLTOOL_MERGE) $(wildcard $(top_srcdir)/po/*.po) ; $(INTLTOOL_V_MERGE)LC_ALL=C $(INTLTOOL_MERGE) $(INTLTOOL_V_MERGE_OPTIONS) -x -u -c $(top_builddir)/po/.intltool-merge-cache $(top_srcdir)/po $< $@'
INTLTOOL_SOUNDLIST_RULE='%.soundlist: %.soundlist.in $(INTLTOOL_MERGE) $(wildcard $(top_srcdir)/po/*.po) ; $(INTLTOOL_V_MERGE)LC_ALL=C $(INTLTOOL_MERGE) $(INTLTOOL_V_MERGE_OPTIONS) -d -u -c $(top_builddir)/po/.intltool-merge-cache $(top_srcdir)/po $< $@'
INTLTOOL_THEME_RULE='%.theme:     %.theme.in     $(INTLTOOL_MERGE) $(wildcard $(top_srcdir)/po/*.po) ; $(INTLTOOL_V_MERGE)LC_ALL=C $(INTLTOOL_MERGE) $(INTLTOOL_V_MERGE_OPTIONS) -d -u -c $(top_builddir)/po/.intltool-merge-cache $(top_srcdir)/po $< $@'
INTLTOOL_UI_RULE='%.ui:        %.ui.in        $(INTLTOOL_MERGE) $(wildcard $(top_srcdir)/po/*.po) ; $(INTLTOOL_V_MERGE)LC_ALL=C $(INTLTOOL_MERGE) $(INTLTOOL_V_MERGE_OPTIONS) -x -u -c $(top_builddir)/po/.intltool-merge-cache $(top_srcdir)/po $< $@'
INTLTOOL_UPDATE='/usr/bin/intltool-update'
INTLTOOL_V_MERGE='$(INTLTOOL__v_MERGE_$(V))'
INTLTOOL_V_MERGE_OPTIONS='$(intltool__v_merge_options_$(V))'
INTLTOOL_XAM_RULE='%.xam:       %.xml.in       $(INTLTOOL_MERGE) $(wildcard $(top_srcdir)/po/*.po) ; $(INTLTOOL_V_MERGE)LC_ALL=C $(INTLTOOL_MERGE) $(INTLTOOL_V_MERGE_OPTIONS) -x -u -c $(top_builddir)/po/.intltool-merge-cache $(top_srcdir)/po $< $@'
INTLTOOL_XML_NOMERGE_RULE='%.xml:       %.xml.in       $(INTLTOOL_MERGE) ; $(INTLTOOL_V_MERGE)LC_ALL=C $(INTLTOOL_MERGE) $(INTLTOOL_V_MERGE_OPTIONS) -x -u --no-translations $< $@'
INTLTOOL_XML_RULE='%.xml:       %.xml.in       $(INTLTOOL_MERGE) $(wildcard $(top_srcdir)/po/*.po) ; $(INTLTOOL_V_MERGE)LC_ALL=C $(INTLTOOL_MERGE) $(INTLTOOL_V_MERGE_OPTIONS) -x -u -c $(top_builddir)/po/.intltool-merge-cache $(top_srcdir)/po $< $@'
INTLTOOL__v_MERGE_0='@echo "  ITMRG " $@;'
INTLTOOL__v_MERGE_='$(INTLTOOL__v_MERGE_$(AM_DEFAULT_VERBOSITY))'
INTROSPECTION_CFLAGS='-I/usr/include/gobject-introspection-1.0 -I/usr/lib/libffi-3.2.1/include -I/usr/include/glib-2.0 -I/usr/lib/glib-2.0/include -pthread '
INTROSPECTION_COMPILER='/usr/bin/g-ir-compiler'
INTROSPECTION_GENERATE='/usr/bin/g-ir-generate'
INTROSPECTION_GIRDIR='/usr/share/gir-1.0'
INTROSPECTION_LIBS='-lgirepository-1.0 -lgobject-2.0 -lglib-2.0 '
INTROSPECTION_MAKEFILE='/usr/share/gobject-introspection-1.0/Makefile.introspection'
INTROSPECTION_SCANNER='/usr/bin/g-ir-scanner'
INTROSPECTION_TYPELIBDIR='/usr/lib/girepository-1.0'
ITSTOOL='itstool'
LD='/usr/bin/ld -m elf_x86_64'
LDFLAGS=''
LIBLIGHTDM_GOBJECT_CFLAGS='-I/usr/include/glib-2.0 -I/usr/lib/glib-2.0/include -I/usr/lib/libffi-3.2.1/include -I/usr/include/libmount -I/usr/include/blkid -I/usr/include/gio-unix-2.0 -pthread -I/usr/include/libxml2 '
LIBLIGHTDM_GOBJECT_LIBS='-lgio-2.0 -lgobject-2.0 -lglib-2.0 -lxklavier -lX11 '
LIBLIGHTDM_QT4_CFLAGS='-I/usr/include/qt4 -I/usr/include/qt4/QtCore -I/usr/include/qt4/QtDBus -I/usr/include/qt4/QtXml -I/usr/include/qt4/QtGui -DQT_SHARED '
LIBLIGHTDM_QT4_LIBS='-lQtDBus -lQtXml -lQtGui -lQtCore '
LIBLIGHTDM_QT5_CFLAGS='-I/usr/include/qt/QtCore -I/usr/include/qt -DQT_DBUS_LIB -I/usr/include/qt/QtDBus -DQT_GUI_LIB -I/usr/include/qt/QtGui -DQT_CORE_LIB '
LIBLIGHTDM_QT5_LIBS='-lQt5DBus -lQt5Gui -lQt5Core '
LIBOBJS=''
LIBS=''
LIBTOOL='$(SHELL) $(top_builddir)/libtool'
LIGHTDM_CFLAGS='-I/usr/include/glib-2.0 -I/usr/lib/glib-2.0/include -I/usr/lib/libffi-3.2.1/include -I/usr/include/libmount -I/usr/include/blkid -I/usr/include/gio-unix-2.0 -pthread '
LIGHTDM_LIBS='-lgio-2.0 -lgobject-2.0 -lglib-2.0 -lXdmcp -lxcb  -laudit'
LIPO=''
LN_S='ln -s'
LTLIBOBJS=''
LT_SYS_LIBRARY_PATH=''
MAINT='#'
MAINTAINER_MODE_FALSE=''
MAINTAINER_MODE_TRUE='#'
MAKEINFO='${SHELL} /home/dingjing/下载/lightdm-lightdm-1-30/missing makeinfo'
MANIFEST_TOOL=':'
MKDIR_P='/usr/bin/mkdir -p'
MOC4='moc-qt4'
MOC5='moc-qt5'
MSGFMT='/usr/bin/msgfmt'
MSGMERGE='/usr/bin/msgmerge'
NM='/usr/bin/nm -B'
NMEDIT=''
OBJDUMP='objdump'
OBJEXT='o'
OTOOL64=''
OTOOL=''
PACKAGE='lightdm'
PACKAGE_BUGREPORT=''
PACKAGE_NAME='lightdm'
PACKAGE_STRING='lightdm 1.30.0'
PACKAGE_TARNAME='lightdm'
PACKAGE_URL=''
PACKAGE_VERSION='1.30.0'
PATH_SEPARATOR=':'
PKG_CONFIG='/usr/bin/pkg-config'
PKG_CONFIG_LIBDIR=''
PKG_CONFIG_PATH=''
RANLIB='ranlib'
SED='/usr/bin/sed'
SET_MAKE=''
SHELL='/bin/sh'
STRIP='strip'
USE_NLS='yes'
VAPIGEN=''
VAPIGEN_MAKEFILE=''
VAPIGEN_VAPIDIR=''
VERSION='1.30.0'
WARN_CFLAGS='-Wall                  -Wstrict-prototypes                  -Wnested-externs                  -Werror=missing-prototypes                  -Werror=implicit-function-declaration                  -Werror=pointer-arith                  -Werror=init-self                  -Werror=format-security                  -Werror=format=2                  -Werror=missing-include-dirs'
WARN_CXXFLAGS='-Wall'
XCB_CFLAGS=''
XCB_LIBS='-lxcb '
XGETTEXT='/usr/bin/xgettext'
XMLLINT='xmllint'
YELP_HELP_RULES='
YELP_LC_DIST='true'
YELP_LC_MEDIA_LINKS='true'
_HELP_C_EXTRA = $(foreach f,$(HELP_EXTRA),C/$(f))
_HELP_C_FILES = $(foreach f,$(HELP_FILES),C/$(f))
_HELP_C_MEDIA = $(foreach f,$(HELP_MEDIA),C/$(f))
_HELP_DEFAULT_V = $(if $(AM_DEFAULT_VERBOSITY),$(AM_DEFAULT_VERBOSITY),1)
_HELP_LC_FILES = $(foreach lc,$(_HELP_LINGUAS),$(foreach f,$(HELP_FILES),$(lc)/$(f)))
_HELP_LC_STAMPS = $(foreach lc,$(_HELP_LINGUAS),$(lc)/$(lc).stamp)
_HELP_LC_VERBOSE = $(_HELP_LC_VERBOSE_$(_HELP_V))
_HELP_LC_VERBOSE_ = $(_HELP_LC_VERBOSE_$(_HELP_DEFAULT_V))
_HELP_LC_VERBOSE_0 = @echo "  GEN    "$(dir $@);
_HELP_LINGUAS = $(if $(filter environment,$(origin LINGUAS)),$(filter $(LINGUAS),$(HELP_LINGUAS)),$(HELP_LINGUAS))
_HELP_MOFILES = $(patsubst %.po,%.mo,$(_HELP_POFILES))
_HELP_POFILES = $(if $(HELP_ID),$(foreach lc,$(_HELP_LINGUAS),$(lc)/$(lc).po))
_HELP_POTFILE = $(if $(HELP_POT),$(HELP_POT),$(if $(HELP_ID),$(HELP_ID).pot))
_HELP_V = $(if $(V),$(V),$(_HELP_DEFAULT_V))
ac_ct_AR='ar'
ac_ct_CC='gcc'
ac_ct_CXX='g++'
ac_ct_DUMPBIN=''
ac_ct_MOC4='moc-qt4'
ac_ct_MOC5='moc-qt5'
all: $(_HELP_C_FILES) $(_HELP_C_EXTRA) $(_HELP_C_MEDIA) $(_HELP_LC_FILES) $(_HELP_POFILES)
am__EXEEXT_FALSE=''
am__EXEEXT_TRUE='#'
am__fastdepCC_FALSE='#'
am__fastdepCC_TRUE=''
am__fastdepCXX_FALSE='#'
am__fastdepCXX_TRUE=''
am__include='include'
am__isrc=''
am__leading_dot='.'
am__nodep='_no'
am__quote=''
am__tar='$${TAR-tar} chof - "$$tardir"'
am__untar='$${TAR-tar} xf -'
bindir='${exec_prefix}/bin'
build='x86_64-pc-linux-gnu'
build_alias=''
build_cpu='x86_64'
build_os='linux-gnu'
build_vendor='pc'
check-help:
check: check-help
clean-help:
datadir='${datarootdir}'
datarootdir='${prefix}/share'
distdir-help-files: $(_HELP_LC_FILES)
distdir: distdir-help-files
docdir='${datarootdir}/doc/${PACKAGE_TARNAME}'
dvidir='${docdir}'
exec_prefix='${prefix}'
host='x86_64-pc-linux-gnu'
host_alias=''
host_cpu='x86_64'
host_os='linux-gnu'
host_vendor='pc'
htmldir='${docdir}'
includedir='${prefix}/include'
infodir='${datarootdir}/info'
install-data-am: $(if $(HELP_ID),install-help)
install-help: $(_HELP_LC_FILES)
install_sh='${SHELL} /home/dingjing/下载/lightdm-lightdm-1-30/install-sh'
intltool__v_merge_options_0='-q'
intltool__v_merge_options_='$(intltool__v_merge_options_$(AM_DEFAULT_VERBOSITY))'
libdir='${exec_prefix}/lib'
libexecdir='${exec_prefix}/libexec'
localedir='${datarootdir}/locale'
localstatedir='${prefix}/var'
mandir='${datarootdir}/man'
mkdir_p='$(MKDIR_P)'
mostlyclean-am: $(if $(HELP_ID),clean-help)
oldincludedir='/usr/include'
pdfdir='${docdir}'
pot: $(_HELP_POTFILE)
prefix='/usr/local'
program_transform_name='s,x,x,'
psdir='${docdir}'
repo: $(_HELP_POTFILE)
sbindir='${exec_prefix}/sbin'
sharedstatedir='${prefix}/com'
sysconfdir='${prefix}/etc'
target_alias=''
uninstall-am: $(if $(HELP_ID),uninstall-help)
uninstall-help:

## ----------- ##
## confdefs.h. ##
## ----------- ##

/* confdefs.h */
#define PACKAGE_NAME "lightdm"
#define PACKAGE_TARNAME "lightdm"
#define PACKAGE_VERSION "1.30.0"
#define PACKAGE_STRING "lightdm 1.30.0"
#define PACKAGE_BUGREPORT ""
#define PACKAGE_URL ""
#define PACKAGE "lightdm"
#define VERSION "1.30.0"
#define STDC_HEADERS 1
#define HAVE_SYS_TYPES_H 1
#define HAVE_SYS_STAT_H 1
#define HAVE_STDLIB_H 1
#define HAVE_STRING_H 1
#define HAVE_MEMORY_H 1
#define HAVE_STRINGS_H 1
#define HAVE_INTTYPES_H 1
#define HAVE_STDINT_H 1
#define HAVE_UNISTD_H 1
#define HAVE_DLFCN_H 1
#define LT_OBJDIR ".libs/"
#define HAVE_SECURITY_PAM_APPL_H 1
#define HAVE_GCRYPT_H 1
#define HAVE_SETRESGID 1
#define HAVE_SETRESUID 1
#define HAVE_CLEARENV 1
#define HAVE_LIBAUDIT 1
#define DEFAULT_USER_SESSION "default"
#define DEFAULT_GREETER_SESSION "default"
#define GREETER_USER "lightdm"
#define GETTEXT_PACKAGE "lightdm"

configure: exit 0
